9/15/2016 11:05:37 AM, Info: Initializing SIMPLSharp Services...
9/15/2016 11:05:38 AM, Info: ProjectInfo successfully initialized.
9/15/2016 11:05:39 AM, Info: Commiting verification transaction...
9/15/2016 11:05:39 AM, Info: Saving project information...
9/15/2016 11:05:53 AM, Info: Initializing SIMPLSharp Services...
9/15/2016 11:05:53 AM, Info: ProjectInfo successfully initialized.
9/15/2016 11:06:00 AM, Info: Verifying archive C:\Users\Patrick Liedtke\Desktop\Working SVN\Hill\INTERFACE\SPlsWork\AffinityClientConnection.clz...
9/15/2016 11:06:02 AM, Info: Saving project information...
9/15/2016 11:06:05 AM, Info: Verifying archive C:\Users\Patrick Liedtke\Desktop\Working SVN\Hill\INTERFACE\SPlsWork\AppHelperClasses v2_0.clz...
9/15/2016 11:06:06 AM, Info: Saving project information...
9/15/2016 11:06:14 AM, Info: Commiting verification transaction...
9/15/2016 11:06:14 AM, Info: Saving project information...
9/15/2016 11:08:19 AM, Info: Initializing SIMPLSharp Services...
9/15/2016 11:08:19 AM, Info: ProjectInfo successfully initialized.
9/15/2016 11:08:26 AM, Info: Verifying archive C:\Users\Patrick Liedtke\Desktop\Working SVN\Hill\INTERFACE\SPlsWork\AffinityClientConnection.clz...
9/15/2016 11:08:27 AM, Info: Saving project information...
9/15/2016 11:08:31 AM, Info: Verifying archive C:\Users\Patrick Liedtke\Desktop\Working SVN\Hill\INTERFACE\SPlsWork\AppHelperClasses v2_0.clz...
9/15/2016 11:08:31 AM, Info: Saving project information...
9/15/2016 11:08:39 AM, Info: Commiting verification transaction...
9/15/2016 11:08:39 AM, Info: Saving project information...
9/15/2016 11:11:24 AM, Info: Initializing SIMPLSharp Services...
9/15/2016 11:11:24 AM, Info: ProjectInfo successfully initialized.
9/15/2016 11:11:32 AM, Info: Verifying archive C:\Users\Patrick Liedtke\Desktop\Working SVN\Hill\INTERFACE\SPlsWork\AffinityClientConnection.clz...
9/15/2016 11:11:33 AM, Info: Saving project information...
9/15/2016 11:11:36 AM, Info: Verifying archive C:\Users\Patrick Liedtke\Desktop\Working SVN\Hill\INTERFACE\SPlsWork\AppHelperClasses v2_0.clz...
9/15/2016 11:11:36 AM, Info: Saving project information...
9/15/2016 11:11:46 AM, Info: Commiting verification transaction...
9/15/2016 11:11:46 AM, Info: Saving project information...
9/15/2016 12:46:23 PM, Info: Initializing SIMPLSharp Services...
9/15/2016 12:46:23 PM, Info: ProjectInfo successfully initialized.
9/15/2016 12:46:30 PM, Info: Verifying archive C:\Users\Patrick Liedtke\Desktop\Working SVN\Hill\INTERFACE\SPlsWork\AffinityClientConnection.clz...
9/15/2016 12:46:31 PM, Info: Saving project information...
9/15/2016 12:46:35 PM, Info: Verifying archive C:\Users\Patrick Liedtke\Desktop\Working SVN\Hill\INTERFACE\SPlsWork\AppHelperClasses v2_0.clz...
9/15/2016 12:46:35 PM, Info: Saving project information...
9/15/2016 12:46:43 PM, Info: Commiting verification transaction...
9/15/2016 12:46:43 PM, Info: Saving project information...
9/15/2016 12:47:19 PM, Info: Initializing SIMPLSharp Services...
9/15/2016 12:47:19 PM, Info: ProjectInfo successfully initialized.
9/15/2016 12:47:26 PM, Info: Verifying archive C:\Users\Patrick Liedtke\Desktop\Working SVN\Hill\INTERFACE\SPlsWork\AffinityClientConnection.clz...
9/15/2016 12:47:27 PM, Info: Saving project information...
9/15/2016 12:47:31 PM, Info: Verifying archive C:\Users\Patrick Liedtke\Desktop\Working SVN\Hill\INTERFACE\SPlsWork\AppHelperClasses v2_0.clz...
9/15/2016 12:47:31 PM, Info: Saving project information...
9/15/2016 12:47:40 PM, Info: Commiting verification transaction...
9/15/2016 12:47:40 PM, Info: Saving project information...
9/15/2016 1:46:06 PM, Info: Terminating SIMPLSharp Services
9/15/2016 1:46:06 PM, Info: Saving project information...
9/15/2016 1:46:06 PM, Info: Terminating SIMPLSharp Services
9/15/2016 1:46:06 PM, Info: Saving project information...
9/15/2016 1:46:06 PM, Info: Terminating SIMPLSharp Services
9/15/2016 1:46:06 PM, Info: Saving project information...
9/15/2016 1:46:06 PM, Info: Terminating SIMPLSharp Services
9/15/2016 1:46:06 PM, Info: Saving project information...
9/15/2016 1:46:06 PM, Info: Terminating SIMPLSharp Services
9/15/2016 1:46:06 PM, Info: Saving project information...
9/15/2016 1:46:06 PM, Info: Terminating SIMPLSharp Services
