9/14/2016 4:16:24 PM, Info: Initializing SIMPLSharp Services...
9/14/2016 4:16:24 PM, Info: ProjectInfo successfully initialized.
9/14/2016 4:16:34 PM, Info: Verifying archive C:\Users\Patrick Liedtke\Desktop\Working SVN\Hill\INTERFACE\SPlsWork\AffinityClientConnection.clz...
9/14/2016 4:16:39 PM, Info: Saving project information...
9/14/2016 4:16:40 PM, Info: Verifying archive C:\Users\Patrick Liedtke\Desktop\Working SVN\Hill\INTERFACE\SPlsWork\AffinityClientConnection.clz...
9/14/2016 4:16:44 PM, Info: Saving project information...
9/14/2016 4:16:47 PM, Info: Verifying archive C:\Users\Patrick Liedtke\Desktop\Working SVN\Hill\INTERFACE\SPlsWork\AppHelperClasses v2_0.clz...
9/14/2016 4:16:47 PM, Info: Saving project information...
9/14/2016 4:16:49 PM, Info: Verifying archive C:\Users\Patrick Liedtke\Desktop\Working SVN\Hill\INTERFACE\SPlsWork\AffinityClientConnection.clz...
9/14/2016 4:16:52 PM, Info: Saving project information...
9/14/2016 4:17:02 PM, Info: Commiting verification transaction...
9/14/2016 4:17:02 PM, Info: Saving project information...
9/14/2016 4:18:51 PM, Info: Initializing SIMPLSharp Services...
9/14/2016 4:18:51 PM, Info: ProjectInfo successfully initialized.
9/14/2016 4:18:59 PM, Info: Verifying archive C:\Users\Patrick Liedtke\Desktop\Working SVN\Hill\INTERFACE\SPlsWork\AffinityClientConnection.clz...
9/14/2016 4:19:03 PM, Info: Saving project information...
9/14/2016 4:19:04 PM, Info: Verifying archive C:\Users\Patrick Liedtke\Desktop\Working SVN\Hill\INTERFACE\SPlsWork\AffinityClientConnection.clz...
9/14/2016 4:19:05 PM, Info: Saving project information...
9/14/2016 4:19:07 PM, Info: Verifying archive C:\Users\Patrick Liedtke\Desktop\Working SVN\Hill\INTERFACE\SPlsWork\AppHelperClasses v2_0.clz...
9/14/2016 4:19:08 PM, Info: Saving project information...
9/14/2016 4:19:09 PM, Info: Verifying archive C:\Users\Patrick Liedtke\Desktop\Working SVN\Hill\INTERFACE\SPlsWork\AffinityClientConnection.clz...
9/14/2016 4:19:10 PM, Info: Saving project information...
9/14/2016 4:19:19 PM, Info: Commiting verification transaction...
9/14/2016 4:19:19 PM, Info: Saving project information...
9/14/2016 4:23:11 PM, Info: Initializing SIMPLSharp Services...
9/14/2016 4:23:11 PM, Info: ProjectInfo successfully initialized.
9/14/2016 4:23:18 PM, Info: Verifying archive C:\Users\Patrick Liedtke\Desktop\Working SVN\Hill\INTERFACE\SPlsWork\AffinityClientConnection.clz...
9/14/2016 4:23:19 PM, Info: Saving project information...
9/14/2016 4:23:23 PM, Info: Verifying archive C:\Users\Patrick Liedtke\Desktop\Working SVN\Hill\INTERFACE\SPlsWork\AppHelperClasses v2_0.clz...
9/14/2016 4:23:23 PM, Info: Saving project information...
9/14/2016 4:23:32 PM, Info: Commiting verification transaction...
9/14/2016 4:23:32 PM, Info: Saving project information...
9/14/2016 4:30:51 PM, Info: Initializing SIMPLSharp Services...
9/14/2016 4:30:51 PM, Info: ProjectInfo successfully initialized.
9/14/2016 4:30:58 PM, Info: Verifying archive C:\Users\Patrick Liedtke\Desktop\Working SVN\Hill\INTERFACE\SPlsWork\AffinityClientConnection.clz...
9/14/2016 4:30:59 PM, Info: Saving project information...
9/14/2016 4:31:03 PM, Info: Verifying archive C:\Users\Patrick Liedtke\Desktop\Working SVN\Hill\INTERFACE\SPlsWork\AppHelperClasses v2_0.clz...
9/14/2016 4:31:03 PM, Info: Saving project information...
9/14/2016 4:31:12 PM, Info: Commiting verification transaction...
9/14/2016 4:31:12 PM, Info: Saving project information...
9/14/2016 4:33:32 PM, Info: Initializing SIMPLSharp Services...
9/14/2016 4:33:32 PM, Info: ProjectInfo successfully initialized.
9/14/2016 4:33:40 PM, Info: Verifying archive C:\Users\Patrick Liedtke\Desktop\Working SVN\Hill\INTERFACE\SPlsWork\AffinityClientConnection.clz...
9/14/2016 4:33:41 PM, Info: Saving project information...
9/14/2016 4:33:44 PM, Info: Verifying archive C:\Users\Patrick Liedtke\Desktop\Working SVN\Hill\INTERFACE\SPlsWork\AppHelperClasses v2_0.clz...
9/14/2016 4:33:44 PM, Info: Saving project information...
9/14/2016 4:33:54 PM, Info: Commiting verification transaction...
9/14/2016 4:33:54 PM, Info: Saving project information...
9/14/2016 4:40:08 PM, Info: Initializing SIMPLSharp Services...
9/14/2016 4:40:08 PM, Info: ProjectInfo successfully initialized.
9/14/2016 4:40:16 PM, Info: Verifying archive C:\Users\Patrick Liedtke\Desktop\Working SVN\Hill\INTERFACE\SPlsWork\AffinityClientConnection.clz...
9/14/2016 4:40:17 PM, Info: Saving project information...
9/14/2016 4:40:20 PM, Info: Verifying archive C:\Users\Patrick Liedtke\Desktop\Working SVN\Hill\INTERFACE\SPlsWork\AppHelperClasses v2_0.clz...
9/14/2016 4:40:20 PM, Info: Saving project information...
9/14/2016 4:40:30 PM, Info: Commiting verification transaction...
9/14/2016 4:40:30 PM, Info: Saving project information...
9/14/2016 4:41:01 PM, Info: Initializing SIMPLSharp Services...
9/14/2016 4:41:01 PM, Info: ProjectInfo successfully initialized.
9/14/2016 4:41:09 PM, Info: Verifying archive C:\Users\Patrick Liedtke\Desktop\Working SVN\Hill\INTERFACE\SPlsWork\AffinityClientConnection.clz...
9/14/2016 4:41:10 PM, Info: Saving project information...
9/14/2016 4:41:13 PM, Info: Verifying archive C:\Users\Patrick Liedtke\Desktop\Working SVN\Hill\INTERFACE\SPlsWork\AppHelperClasses v2_0.clz...
9/14/2016 4:41:13 PM, Info: Saving project information...
9/14/2016 4:41:22 PM, Info: Commiting verification transaction...
9/14/2016 4:41:22 PM, Info: Saving project information...
9/14/2016 4:44:01 PM, Info: Initializing SIMPLSharp Services...
9/14/2016 4:44:01 PM, Info: ProjectInfo successfully initialized.
9/14/2016 4:44:09 PM, Info: Verifying archive C:\Users\Patrick Liedtke\Desktop\Working SVN\Hill\INTERFACE\SPlsWork\AffinityClientConnection.clz...
9/14/2016 4:44:10 PM, Info: Saving project information...
9/14/2016 4:44:13 PM, Info: Verifying archive C:\Users\Patrick Liedtke\Desktop\Working SVN\Hill\INTERFACE\SPlsWork\AppHelperClasses v2_0.clz...
9/14/2016 4:44:13 PM, Info: Saving project information...
9/14/2016 4:44:22 PM, Info: Commiting verification transaction...
9/14/2016 4:44:22 PM, Info: Saving project information...
9/14/2016 5:04:05 PM, Info: Initializing SIMPLSharp Services...
9/14/2016 5:04:05 PM, Info: ProjectInfo successfully initialized.
9/14/2016 5:04:13 PM, Info: Verifying archive C:\Users\Patrick Liedtke\Desktop\Working SVN\Hill\INTERFACE\SPlsWork\AffinityClientConnection.clz...
9/14/2016 5:04:14 PM, Info: Saving project information...
9/14/2016 5:04:17 PM, Info: Verifying archive C:\Users\Patrick Liedtke\Desktop\Working SVN\Hill\INTERFACE\SPlsWork\AppHelperClasses v2_0.clz...
9/14/2016 5:04:17 PM, Info: Saving project information...
9/14/2016 5:04:27 PM, Info: Commiting verification transaction...
9/14/2016 5:04:27 PM, Info: Saving project information...
9/14/2016 5:31:53 PM, Info: Initializing SIMPLSharp Services...
9/14/2016 5:31:53 PM, Info: ProjectInfo successfully initialized.
9/14/2016 5:32:00 PM, Info: Verifying archive C:\Users\Patrick Liedtke\Desktop\Working SVN\Hill\INTERFACE\SPlsWork\AffinityClientConnection.clz...
9/14/2016 5:32:02 PM, Info: Saving project information...
9/14/2016 5:32:05 PM, Info: Verifying archive C:\Users\Patrick Liedtke\Desktop\Working SVN\Hill\INTERFACE\SPlsWork\AppHelperClasses v2_0.clz...
9/14/2016 5:32:05 PM, Info: Saving project information...
9/14/2016 5:32:14 PM, Info: Commiting verification transaction...
9/14/2016 5:32:14 PM, Info: Saving project information...
9/14/2016 5:32:31 PM, Info: Initializing SIMPLSharp Services...
9/14/2016 5:32:31 PM, Info: ProjectInfo successfully initialized.
9/14/2016 5:32:38 PM, Info: Verifying archive C:\Users\Patrick Liedtke\Desktop\Working SVN\Hill\INTERFACE\SPlsWork\AffinityClientConnection.clz...
9/14/2016 5:32:39 PM, Info: Saving project information...
9/14/2016 5:32:42 PM, Info: Verifying archive C:\Users\Patrick Liedtke\Desktop\Working SVN\Hill\INTERFACE\SPlsWork\AppHelperClasses v2_0.clz...
9/14/2016 5:32:42 PM, Info: Saving project information...
9/14/2016 5:32:51 PM, Info: Commiting verification transaction...
9/14/2016 5:32:51 PM, Info: Saving project information...
9/14/2016 5:46:53 PM, Info: Initializing SIMPLSharp Services...
9/14/2016 5:46:53 PM, Info: ProjectInfo successfully initialized.
9/14/2016 5:47:00 PM, Info: Verifying archive C:\Users\Patrick Liedtke\Desktop\Working SVN\Hill\INTERFACE\SPlsWork\AffinityClientConnection.clz...
9/14/2016 5:47:01 PM, Info: Saving project information...
9/14/2016 5:47:05 PM, Info: Verifying archive C:\Users\Patrick Liedtke\Desktop\Working SVN\Hill\INTERFACE\SPlsWork\AppHelperClasses v2_0.clz...
9/14/2016 5:47:05 PM, Info: Saving project information...
9/14/2016 5:47:14 PM, Info: Commiting verification transaction...
9/14/2016 5:47:14 PM, Info: Saving project information...
9/14/2016 5:51:03 PM, Info: Initializing SIMPLSharp Services...
9/14/2016 5:51:03 PM, Info: ProjectInfo successfully initialized.
9/14/2016 5:51:11 PM, Info: Verifying archive C:\Users\Patrick Liedtke\Desktop\Working SVN\Hill\INTERFACE\SPlsWork\AffinityClientConnection.clz...
9/14/2016 5:51:12 PM, Info: Saving project information...
9/14/2016 5:51:15 PM, Info: Verifying archive C:\Users\Patrick Liedtke\Desktop\Working SVN\Hill\INTERFACE\SPlsWork\AppHelperClasses v2_0.clz...
9/14/2016 5:51:15 PM, Info: Saving project information...
9/14/2016 5:51:24 PM, Info: Commiting verification transaction...
9/14/2016 5:51:24 PM, Info: Saving project information...
9/14/2016 5:58:54 PM, Info: Initializing SIMPLSharp Services...
9/14/2016 5:58:54 PM, Info: ProjectInfo successfully initialized.
9/14/2016 5:59:01 PM, Info: Verifying archive C:\Users\Patrick Liedtke\Desktop\Working SVN\Hill\INTERFACE\SPlsWork\AffinityClientConnection.clz...
9/14/2016 5:59:02 PM, Info: Saving project information...
9/14/2016 5:59:06 PM, Info: Verifying archive C:\Users\Patrick Liedtke\Desktop\Working SVN\Hill\INTERFACE\SPlsWork\AppHelperClasses v2_0.clz...
9/14/2016 5:59:06 PM, Info: Saving project information...
9/14/2016 5:59:15 PM, Info: Commiting verification transaction...
9/14/2016 5:59:15 PM, Info: Saving project information...
9/14/2016 6:00:19 PM, Info: Terminating SIMPLSharp Services
9/14/2016 6:00:19 PM, Info: Saving project information...
9/14/2016 6:00:19 PM, Info: Terminating SIMPLSharp Services
9/14/2016 6:00:19 PM, Info: Saving project information...
9/14/2016 6:00:19 PM, Info: Terminating SIMPLSharp Services
9/14/2016 6:00:19 PM, Info: Saving project information...
9/14/2016 6:00:19 PM, Info: Terminating SIMPLSharp Services
9/14/2016 6:00:19 PM, Info: Saving project information...
9/14/2016 6:00:19 PM, Info: Terminating SIMPLSharp Services
9/14/2016 6:00:19 PM, Info: Saving project information...
9/14/2016 6:00:19 PM, Info: Terminating SIMPLSharp Services
9/14/2016 6:00:19 PM, Info: Saving project information...
9/14/2016 6:00:19 PM, Info: Terminating SIMPLSharp Services
9/14/2016 6:00:19 PM, Info: Saving project information...
9/14/2016 6:00:19 PM, Info: Terminating SIMPLSharp Services
9/14/2016 6:00:19 PM, Info: Saving project information...
9/14/2016 6:00:19 PM, Info: Terminating SIMPLSharp Services
9/14/2016 6:00:19 PM, Info: Saving project information...
9/14/2016 6:00:19 PM, Info: Terminating SIMPLSharp Services
9/14/2016 6:00:19 PM, Info: Saving project information...
9/14/2016 6:00:19 PM, Info: Terminating SIMPLSharp Services
9/14/2016 6:00:19 PM, Info: Saving project information...
9/14/2016 6:00:19 PM, Info: Terminating SIMPLSharp Services
9/14/2016 6:00:19 PM, Info: Saving project information...
9/14/2016 6:00:19 PM, Info: Terminating SIMPLSharp Services
9/14/2016 6:00:19 PM, Info: Saving project information...
9/14/2016 6:00:19 PM, Info: Terminating SIMPLSharp Services
